<?xml version="1.0" encoding="UTF-8"?>
<testsuite name="com.balionis.juxt.sandbox.service.SandboxServiceTest" tests="1" skipped="0" failures="0" errors="0" timestamp="2025-09-23T18:51:27.328Z" hostname="bamac01" time="0.256">
  <properties/>
  <testcase name="testSuccessForType1()" classname="com.balionis.juxt.sandbox.service.SandboxServiceTest" time="0.256"/>
  <system-out><![CDATA[19:51:27.568 [Test worker] INFO  c.b.j.sandbox.service.SandboxService - sandboxRequest=SandboxRequest[sandboxEnum=TYPE1]
19:51:27.580 [Test worker] INFO  c.b.j.sandbox.service.SandboxService - sandboxId=c7e62046-1f9b-466a-a5f5-661622e414d2
]]></system-out>
  <system-err><![CDATA[SLF4J(I): Connected with provider of type [ch.qos.logback.classic.spi.LogbackServiceProvider]
]]></system-err>
</testsuite>
